c:\users\kdw\desktop\life\sunrinstone\debug\amollang.pch
c:\users\kdw\desktop\life\sunrinstone\debug\stdafx.obj
c:\users\kdw\desktop\life\sunrinstone\debug\vc110.pdb
c:\users\kdw\desktop\life\sunrinstone\debug\application.obj
c:\users\kdw\desktop\life\sunrinstone\debug\background.obj
c:\users\kdw\desktop\life\sunrinstone\debug\font.obj
c:\users\kdw\desktop\life\sunrinstone\debug\function.obj
c:\users\kdw\desktop\life\sunrinstone\debug\iscenenode.obj
c:\users\kdw\desktop\life\sunrinstone\debug\loadscene.obj
c:\users\kdw\desktop\life\sunrinstone\debug\resourcefinder.obj
c:\users\kdw\desktop\life\sunrinstone\debug\scenemanager.obj
c:\users\kdw\desktop\life\sunrinstone\debug\sprite.obj
c:\users\kdw\desktop\life\sunrinstone\debug\spritemanager.obj
c:\users\kdw\desktop\life\sunrinstone\debug\texturemanager.obj
c:\users\kdw\desktop\life\sunrinstone\debug\animation.obj
c:\users\kdw\appdata\local\microsoft\windows\wer\reportarchive\appcrash_cl.exe_eccde0338b80a6ba5465d8f9d5966d53c87c5f1_040bd81b\report.wer
c:\users\triti\desktop\life\sunrinstone\debug\amollang.pch
c:\users\triti\desktop\life\sunrinstone\debug\vc120.pdb
c:\users\triti\desktop\life\sunrinstone\debug\vc120.idb
c:\users\triti\desktop\life\sunrinstone\debug\stdafx.obj
c:\users\triti\desktop\life\sunrinstone\debug\application.obj
c:\users\triti\desktop\life\sunrinstone\debug\background.obj
c:\users\triti\desktop\life\sunrinstone\debug\computer.obj
c:\users\triti\desktop\life\sunrinstone\debug\deckscene.obj
c:\users\triti\desktop\life\sunrinstone\debug\font.obj
c:\users\triti\desktop\life\sunrinstone\debug\function.obj
c:\users\triti\desktop\life\sunrinstone\debug\gamescene.obj
c:\users\triti\desktop\life\sunrinstone\debug\guibutton.obj
c:\users\triti\desktop\life\sunrinstone\debug\inputmanager.obj
c:\users\triti\desktop\life\sunrinstone\debug\iscenenode.obj
c:\users\triti\desktop\life\sunrinstone\debug\loadscene.obj
c:\users\triti\desktop\life\sunrinstone\debug\main.obj
c:\users\triti\desktop\life\sunrinstone\debug\multiscene.obj
c:\users\triti\desktop\life\sunrinstone\debug\resourcefinder.obj
c:\users\triti\desktop\life\sunrinstone\debug\scenemanager.obj
c:\users\triti\desktop\life\sunrinstone\debug\shopscene.obj
c:\users\triti\desktop\life\sunrinstone\debug\soloscene.obj
c:\users\triti\desktop\life\sunrinstone\debug\sprite.obj
c:\users\triti\desktop\life\sunrinstone\debug\spritemanager.obj
c:\users\triti\desktop\life\sunrinstone\debug\texturemanager.obj
c:\users\triti\desktop\life\sunrinstone\debug\animation.obj
c:\users\triti\desktop\life\sunrinstone\debug\cclient.obj
c:\users\triti\desktop\life\sunrinstone\debug\csocket.obj
c:\users\kdw\desktop\life\sunrinstone\debug\vc120.pdb
c:\users\kdw\desktop\life\sunrinstone\debug\vc120.idb
c:\users\triti\desktop\life\debug\amollang.ilk
c:\users\triti\desktop\life\debug\amollang.exe
c:\users\triti\desktop\life\debug\amollang.pdb
c:\users\kdw\desktop\life\sunrinstone\debug\cl.command.1.tlog
c:\users\kdw\desktop\life\sunrinstone\debug\cl.read.1.tlog
c:\users\kdw\desktop\life\sunrinstone\debug\cl.write.1.tlog
c:\users\kdw\desktop\life\sunrinstone\debug\vc110.idb
c:\users\kdw\desktop\life\sunrinstone\debug\amollang.tlog\cl-dw20-dwwin.read.2.tlog
c:\users\kdw\desktop\life\sunrinstone\debug\amollang.tlog\cl-dw20-dwwin.read.4.tlog
c:\users\kdw\desktop\life\sunrinstone\debug\amollang.tlog\cl-dw20-dwwin.write.2.tlog
c:\users\kdw\desktop\life\sunrinstone\debug\amollang.tlog\cl-dw20.read.1.tlog
c:\users\kdw\desktop\life\sunrinstone\debug\amollang.tlog\cl.command.1.tlog
c:\users\kdw\desktop\life\sunrinstone\debug\amollang.tlog\cl.read.1.tlog
c:\users\kdw\desktop\life\sunrinstone\debug\amollang.tlog\cl.write.1.tlog
c:\users\kdw\desktop\life\sunrinstone\debug\amollang.tlog\link.command.1.tlog
c:\users\kdw\desktop\life\sunrinstone\debug\amollang.tlog\link.read.1.tlog
c:\users\kdw\desktop\life\sunrinstone\debug\amollang.tlog\link.write.1.tlog
